This file contains any messages produced by compilers while
running configure, to aid debugging if configure makes a mistake.

It was created by libungif configure 4.1.4, which was
generated by GNU Autoconf 2.59.  Invocation command line was

  $ ./configure --prefix=/usr

## --------- ##
## Platform. ##
## --------- ##

hostname = raspberrypi
uname -m = armv7l
uname -r = 3.18.11-v7+
uname -s = Linux
uname -v = #781 SMP PREEMPT Tue Apr 21 18:07:59 BST 2015

/usr/bin/uname -p = unknown
/bin/uname -X     = unknown

/bin/arch              = unknown
/usr/bin/arch -k       = unknown
/usr/convex/getsysinfo = unknown
hostinfo               = unknown
/bin/machine           = unknown
/usr/bin/oslevel       = unknown
/bin/universe          = unknown

PATH: /usr/local/sbin
PATH: /usr/local/bin
PATH: /usr/sbin
PATH: /usr/bin
PATH: /sbin
PATH: /bin
PATH: /usr/local/games
PATH: /usr/games


## ----------- ##
## Core tests. ##
## ----------- ##

configure:1557: checking for a BSD-compatible install
configure:1612: result: /usr/bin/install -c
configure:1623: checking whether build environment is sane
configure:1666: result: yes
configure:1731: checking for gawk
configure:1760: result: no
configure:1731: checking for mawk
configure:1747: found /usr/bin/mawk
configure:1757: result: mawk
configure:1767: checking whether make sets $(MAKE)
configure:1787: result: yes
configure:2036: checking build system type
configure:2054: result: armv7l-unknown-linux-gnu
configure:2062: checking host system type
configure:2076: result: armv7l-unknown-linux-gnu
configure:2096: checking for style of include used by make
configure:2124: result: GNU
configure:2195: checking for gcc
configure:2211: found /usr/bin/gcc
configure:2221: result: gcc
configure:2465: checking for C compiler version
configure:2468: gcc --version </dev/null >&5
gcc (Debian 4.6.3-14+rpi1) 4.6.3
Copyright (C) 2011 Free Software Foundation, Inc.
This is free software; see the source for copying conditions.  There is NO
warranty; not even for MERCHANTABILITY or FITNESS FOR A PARTICULAR PURPOSE.

configure:2471: $? = 0
configure:2473: gcc -v </dev/null >&5
Using built-in specs.
COLLECT_GCC=gcc
COLLECT_LTO_WRAPPER=/usr/lib/gcc/arm-linux-gnueabihf/4.6/lto-wrapper
Target: arm-linux-gnueabihf
Configured with: ../src/configure -v --with-pkgversion='Debian 4.6.3-14+rpi1' --with-bugurl=file:///usr/share/doc/gcc-4.6/README.Bugs --enable-languages=c,c++,fortran,objc,obj-c++ --prefix=/usr --program-suffix=-4.6 --enable-shared --enable-linker-build-id --with-system-zlib --libexecdir=/usr/lib --without-included-gettext --enable-threads=posix --with-gxx-include-dir=/usr/include/c++/4.6 --libdir=/usr/lib --enable-nls --with-sysroot=/ --enable-clocale=gnu --enable-libstdcxx-debug --enable-libstdcxx-time=yes --enable-gnu-unique-object --enable-plugin --enable-objc-gc --disable-sjlj-exceptions --with-arch=armv6 --with-fpu=vfp --with-float=hard --enable-checking=release --build=arm-linux-gnueabihf --host=arm-linux-gnueabihf --target=arm-linux-gnueabihf
Thread model: posix
gcc version 4.6.3 (Debian 4.6.3-14+rpi1) 
configure:2476: $? = 0
configure:2478: gcc -V </dev/null >&5
gcc: error: unrecognized option '-V'
gcc: fatal error: no input files
compilation terminated.
configure:2481: $? = 4
configure:2504: checking for C compiler default output file name
configure:2507: gcc    conftest.c  >&5
configure:2510: $? = 0
configure:2556: result: a.out
configure:2561: checking whether the C compiler works
configure:2567: ./a.out
configure:2570: $? = 0
configure:2587: result: yes
configure:2594: checking whether we are cross compiling
configure:2596: result: no
configure:2599: checking for suffix of executables
configure:2601: gcc -o conftest    conftest.c  >&5
configure:2604: $? = 0
configure:2629: result: 
configure:2635: checking for suffix of object files
configure:2656: gcc -c   conftest.c >&5
configure:2659: $? = 0
configure:2681: result: o
configure:2685: checking whether we are using the GNU C compiler
configure:2709: gcc -c   conftest.c >&5
configure:2715: $? = 0
configure:2719: test -z 
			 || test ! -s conftest.err
configure:2722: $? = 0
configure:2725: test -s conftest.o
configure:2728: $? = 0
configure:2741: result: yes
configure:2747: checking whether gcc accepts -g
configure:2768: gcc -c -g  conftest.c >&5
configure:2774: $? = 0
configure:2778: test -z 
			 || test ! -s conftest.err
configure:2781: $? = 0
configure:2784: test -s conftest.o
configure:2787: $? = 0
configure:2798: result: yes
configure:2815: checking for gcc option to accept ANSI C
configure:2885: gcc  -c -g -O2  conftest.c >&5
configure:2891: $? = 0
configure:2895: test -z 
			 || test ! -s conftest.err
configure:2898: $? = 0
configure:2901: test -s conftest.o
configure:2904: $? = 0
configure:2922: result: none needed
configure:2940: gcc -c -g -O2  conftest.c >&5
conftest.c:2:3: error: unknown type name 'choke'
conftest.c:2:3: error: expected '=', ',', ';', 'asm' or '__attribute__' at end of input
configure:2946: $? = 1
configure: failed program was:
| #ifndef __cplusplus
|   choke me
| #endif
configure:3081: checking dependency style of gcc
configure:3171: result: gcc3
configure:3188: checking for a sed that does not truncate output
configure:3242: result: /bin/sed
configure:3245: checking for egrep
configure:3255: result: grep -E
configure:3271: checking for ld used by gcc
configure:3338: result: /usr/bin/ld
configure:3347: checking if the linker (/usr/bin/ld) is GNU ld
configure:3362: result: yes
configure:3367: checking for /usr/bin/ld option to reload object files
configure:3374: result: -r
configure:3392: checking for BSD-compatible nm
configure:3434: result: /usr/bin/nm -B
configure:3438: checking whether ln -s works
configure:3442: result: yes
configure:3449: checking how to recognise dependent libraries
configure:3621: result: pass_all
configure:3835: checking how to run the C preprocessor
configure:3870: gcc -E  conftest.c
configure:3876: $? = 0
configure:3908: gcc -E  conftest.c
conftest.c:11:28: fatal error: ac_nonexistent.h: No such file or directory
compilation terminated.
configure:3914: $? = 1
configure: failed program was:
| /* confdefs.h.  */
| 
| #define PACKAGE_NAME "libungif"
| #define PACKAGE_TARNAME "libungif"
| #define PACKAGE_VERSION "4.1.4"
| #define PACKAGE_STRING "libungif 4.1.4"
| #define PACKAGE_BUGREPORT "abadger1999@sourceforge.net"
| #define PACKAGE "libungif"
| #define VERSION "4.1.4"
| /* end confdefs.h.  */
| #include <ac_nonexistent.h>
configure:3953: result: gcc -E
configure:3977: gcc -E  conftest.c
configure:3983: $? = 0
configure:4015: gcc -E  conftest.c
conftest.c:11:28: fatal error: ac_nonexistent.h: No such file or directory
compilation terminated.
configure:4021: $? = 1
configure: failed program was:
| /* confdefs.h.  */
| 
| #define PACKAGE_NAME "libungif"
| #define PACKAGE_TARNAME "libungif"
| #define PACKAGE_VERSION "4.1.4"
| #define PACKAGE_STRING "libungif 4.1.4"
| #define PACKAGE_BUGREPORT "abadger1999@sourceforge.net"
| #define PACKAGE "libungif"
| #define VERSION "4.1.4"
| /* end confdefs.h.  */
| #include <ac_nonexistent.h>
configure:4065: checking for ANSI C header files
configure:4090: gcc -c -g -O2  conftest.c >&5
configure:4096: $? = 0
configure:4100: test -z 
			 || test ! -s conftest.err
configure:4103: $? = 0
configure:4106: test -s conftest.o
configure:4109: $? = 0
configure:4198: gcc -o conftest -g -O2   conftest.c  >&5
conftest.c: In function 'main':
conftest.c:28:7: warning: incompatible implicit declaration of built-in function 'exit' [enabled by default]
configure:4201: $? = 0
configure:4203: ./conftest
configure:4206: $? = 0
configure:4221: result: yes
configure:4245: checking for sys/types.h
configure:4261: gcc -c -g -O2  conftest.c >&5
configure:4267: $? = 0
configure:4271: test -z 
			 || test ! -s conftest.err
configure:4274: $? = 0
configure:4277: test -s conftest.o
configure:4280: $? = 0
configure:4291: result: yes
configure:4245: checking for sys/stat.h
configure:4261: gcc -c -g -O2  conftest.c >&5
configure:4267: $? = 0
configure:4271: test -z 
			 || test ! -s conftest.err
configure:4274: $? = 0
configure:4277: test -s conftest.o
configure:4280: $? = 0
configure:4291: result: yes
configure:4245: checking for stdlib.h
configure:4261: gcc -c -g -O2  conftest.c >&5
configure:4267: $? = 0
configure:4271: test -z 
			 || test ! -s conftest.err
configure:4274: $? = 0
configure:4277: test -s conftest.o
configure:4280: $? = 0
configure:4291: result: yes
configure:4245: checking for string.h
configure:4261: gcc -c -g -O2  conftest.c >&5
configure:4267: $? = 0
configure:4271: test -z 
			 || test ! -s conftest.err
configure:4274: $? = 0
configure:4277: test -s conftest.o
configure:4280: $? = 0
configure:4291: result: yes
configure:4245: checking for memory.h
configure:4261: gcc -c -g -O2  conftest.c >&5
configure:4267: $? = 0
configure:4271: test -z 
			 || test ! -s conftest.err
configure:4274: $? = 0
configure:4277: test -s conftest.o
configure:4280: $? = 0
configure:4291: result: yes
configure:4245: checking for strings.h
configure:4261: gcc -c -g -O2  conftest.c >&5
configure:4267: $? = 0
configure:4271: test -z 
			 || test ! -s conftest.err
configure:4274: $? = 0
configure:4277: test -s conftest.o
configure:4280: $? = 0
configure:4291: result: yes
configure:4245: checking for inttypes.h
configure:4261: gcc -c -g -O2  conftest.c >&5
configure:4267: $? = 0
configure:4271: test -z 
			 || test ! -s conftest.err
configure:4274: $? = 0
configure:4277: test -s conftest.o
configure:4280: $? = 0
configure:4291: result: yes
configure:4245: checking for stdint.h
configure:4261: gcc -c -g -O2  conftest.c >&5
configure:4267: $? = 0
configure:4271: test -z 
			 || test ! -s conftest.err
configure:4274: $? = 0
configure:4277: test -s conftest.o
configure:4280: $? = 0
configure:4291: result: yes
configure:4245: checking for unistd.h
configure:4261: gcc -c -g -O2  conftest.c >&5
configure:4267: $? = 0
configure:4271: test -z 
			 || test ! -s conftest.err
configure:4274: $? = 0
configure:4277: test -s conftest.o
configure:4280: $? = 0
configure:4291: result: yes
configure:4317: checking dlfcn.h usability
configure:4329: gcc -c -g -O2  conftest.c >&5
configure:4335: $? = 0
configure:4339: test -z 
			 || test ! -s conftest.err
configure:4342: $? = 0
configure:4345: test -s conftest.o
configure:4348: $? = 0
configure:4358: result: yes
configure:4362: checking dlfcn.h presence
configure:4372: gcc -E  conftest.c
configure:4378: $? = 0
configure:4398: result: yes
configure:4433: checking for dlfcn.h
configure:4440: result: yes
configure:4505: checking for g++
configure:4521: found /usr/bin/g++
configure:4531: result: g++
configure:4547: checking for C++ compiler version
configure:4550: g++ --version </dev/null >&5
g++ (Debian 4.6.3-14+rpi1) 4.6.3
Copyright (C) 2011 Free Software Foundation, Inc.
This is free software; see the source for copying conditions.  There is NO
warranty; not even for MERCHANTABILITY or FITNESS FOR A PARTICULAR PURPOSE.

configure:4553: $? = 0
configure:4555: g++ -v </dev/null >&5
Using built-in specs.
COLLECT_GCC=g++
COLLECT_LTO_WRAPPER=/usr/lib/gcc/arm-linux-gnueabihf/4.6/lto-wrapper
Target: arm-linux-gnueabihf
Configured with: ../src/configure -v --with-pkgversion='Debian 4.6.3-14+rpi1' --with-bugurl=file:///usr/share/doc/gcc-4.6/README.Bugs --enable-languages=c,c++,fortran,objc,obj-c++ --prefix=/usr --program-suffix=-4.6 --enable-shared --enable-linker-build-id --with-system-zlib --libexecdir=/usr/lib --without-included-gettext --enable-threads=posix --with-gxx-include-dir=/usr/include/c++/4.6 --libdir=/usr/lib --enable-nls --with-sysroot=/ --enable-clocale=gnu --enable-libstdcxx-debug --enable-libstdcxx-time=yes --enable-gnu-unique-object --enable-plugin --enable-objc-gc --disable-sjlj-exceptions --with-arch=armv6 --with-fpu=vfp --with-float=hard --enable-checking=release --build=arm-linux-gnueabihf --host=arm-linux-gnueabihf --target=arm-linux-gnueabihf
Thread model: posix
gcc version 4.6.3 (Debian 4.6.3-14+rpi1) 
configure:4558: $? = 0
configure:4560: g++ -V </dev/null >&5
g++: error: unrecognized option '-V'
g++: fatal error: no input files
compilation terminated.
configure:4563: $? = 4
configure:4566: checking whether we are using the GNU C++ compiler
configure:4590: g++ -c   conftest.cc >&5
configure:4596: $? = 0
configure:4600: test -z 
			 || test ! -s conftest.err
configure:4603: $? = 0
configure:4606: test -s conftest.o
configure:4609: $? = 0
configure:4622: result: yes
configure:4628: checking whether g++ accepts -g
configure:4649: g++ -c -g  conftest.cc >&5
configure:4655: $? = 0
configure:4659: test -z 
			 || test ! -s conftest.err
configure:4662: $? = 0
configure:4665: test -s conftest.o
configure:4668: $? = 0
configure:4679: result: yes
configure:4721: g++ -c -g -O2  conftest.cc >&5
configure:4727: $? = 0
configure:4731: test -z 
			 || test ! -s conftest.err
configure:4734: $? = 0
configure:4737: test -s conftest.o
configure:4740: $? = 0
configure:4766: g++ -c -g -O2  conftest.cc >&5
conftest.cc: In function 'int main()':
conftest.cc:26:9: error: 'exit' was not declared in this scope
configure:4772: $? = 1
configure: failed program was:
| /* confdefs.h.  */
| 
| #define PACKAGE_NAME "libungif"
| #define PACKAGE_TARNAME "libungif"
| #define PACKAGE_VERSION "4.1.4"
| #define PACKAGE_STRING "libungif 4.1.4"
| #define PACKAGE_BUGREPORT "abadger1999@sourceforge.net"
| #define PACKAGE "libungif"
| #define VERSION "4.1.4"
| #define STDC_HEADERS 1
| #define HAVE_SYS_TYPES_H 1
| #define HAVE_SYS_STAT_H 1
| #define HAVE_STDLIB_H 1
| #define HAVE_STRING_H 1
| #define HAVE_MEMORY_H 1
| #define HAVE_STRINGS_H 1
| #define HAVE_INTTYPES_H 1
| #define HAVE_STDINT_H 1
| #define HAVE_UNISTD_H 1
| #define HAVE_DLFCN_H 1
| /* end confdefs.h.  */
| 
| int
| main ()
| {
| exit (42);
|   ;
|   return 0;
| }
configure:4721: g++ -c -g -O2  conftest.cc >&5
conftest.cc:22:40: error: 'void std::exit(int)' should have been declared inside 'std'
configure:4727: $? = 1
configure: failed program was:
| /* confdefs.h.  */
| 
| #define PACKAGE_NAME "libungif"
| #define PACKAGE_TARNAME "libungif"
| #define PACKAGE_VERSION "4.1.4"
| #define PACKAGE_STRING "libungif 4.1.4"
| #define PACKAGE_BUGREPORT "abadger1999@sourceforge.net"
| #define PACKAGE "libungif"
| #define VERSION "4.1.4"
| #define STDC_HEADERS 1
| #define HAVE_SYS_TYPES_H 1
| #define HAVE_SYS_STAT_H 1
| #define HAVE_STDLIB_H 1
| #define HAVE_STRING_H 1
| #define HAVE_MEMORY_H 1
| #define HAVE_STRINGS_H 1
| #define HAVE_INTTYPES_H 1
| #define HAVE_STDINT_H 1
| #define HAVE_UNISTD_H 1
| #define HAVE_DLFCN_H 1
| /* end confdefs.h.  */
| extern "C" void std::exit (int) throw (); using std::exit;
| #include <stdlib.h>
| int
| main ()
| {
| exit (42);
|   ;
|   return 0;
| }
configure:4721: g++ -c -g -O2  conftest.cc >&5
conftest.cc:22:31: error: 'void std::exit(int)' should have been declared inside 'std'
In file included from conftest.cc:23:0:
/usr/include/stdlib.h:544:70: error: declaration of 'void std::exit(int) throw ()' has a different exception specifier
conftest.cc:22:17: error: from previous declaration 'void std::exit(int)'
configure:4727: $? = 1
configure: failed program was:
| /* confdefs.h.  */
| 
| #define PACKAGE_NAME "libungif"
| #define PACKAGE_TARNAME "libungif"
| #define PACKAGE_VERSION "4.1.4"
| #define PACKAGE_STRING "libungif 4.1.4"
| #define PACKAGE_BUGREPORT "abadger1999@sourceforge.net"
| #define PACKAGE "libungif"
| #define VERSION "4.1.4"
| #define STDC_HEADERS 1
| #define HAVE_SYS_TYPES_H 1
| #define HAVE_SYS_STAT_H 1
| #define HAVE_STDLIB_H 1
| #define HAVE_STRING_H 1
| #define HAVE_MEMORY_H 1
| #define HAVE_STRINGS_H 1
| #define HAVE_INTTYPES_H 1
| #define HAVE_STDINT_H 1
| #define HAVE_UNISTD_H 1
| #define HAVE_DLFCN_H 1
| /* end confdefs.h.  */
| extern "C" void std::exit (int); using std::exit;
| #include <stdlib.h>
| int
| main ()
| {
| exit (42);
|   ;
|   return 0;
| }
configure:4721: g++ -c -g -O2  conftest.cc >&5
configure:4727: $? = 0
configure:4731: test -z 
			 || test ! -s conftest.err
configure:4734: $? = 0
configure:4737: test -s conftest.o
configure:4740: $? = 0
configure:4766: g++ -c -g -O2  conftest.cc >&5
configure:4772: $? = 0
configure:4776: test -z 
			 || test ! -s conftest.err
configure:4779: $? = 0
configure:4782: test -s conftest.o
configure:4785: $? = 0
configure:4810: checking dependency style of g++
configure:4900: result: gcc3
configure:4927: checking how to run the C++ preprocessor
configure:4958: g++ -E  conftest.cc
configure:4964: $? = 0
configure:4996: g++ -E  conftest.cc
conftest.cc:25:28: fatal error: ac_nonexistent.h: No such file or directory
compilation terminated.
configure:5002: $? = 1
configure: failed program was:
| /* confdefs.h.  */
| 
| #define PACKAGE_NAME "libungif"
| #define PACKAGE_TARNAME "libungif"
| #define PACKAGE_VERSION "4.1.4"
| #define PACKAGE_STRING "libungif 4.1.4"
| #define PACKAGE_BUGREPORT "abadger1999@sourceforge.net"
| #define PACKAGE "libungif"
| #define VERSION "4.1.4"
| #define STDC_HEADERS 1
| #define HAVE_SYS_TYPES_H 1
| #define HAVE_SYS_STAT_H 1
| #define HAVE_STDLIB_H 1
| #define HAVE_STRING_H 1
| #define HAVE_MEMORY_H 1
| #define HAVE_STRINGS_H 1
| #define HAVE_INTTYPES_H 1
| #define HAVE_STDINT_H 1
| #define HAVE_UNISTD_H 1
| #define HAVE_DLFCN_H 1
| #ifdef __cplusplus
| extern "C" void exit (int) throw ();
| #endif
| /* end confdefs.h.  */
| #include <ac_nonexistent.h>
configure:5041: result: g++ -E
configure:5065: g++ -E  conftest.cc
configure:5071: $? = 0
configure:5103: g++ -E  conftest.cc
conftest.cc:25:28: fatal error: ac_nonexistent.h: No such file or directory
compilation terminated.
configure:5109: $? = 1
configure: failed program was:
| /* confdefs.h.  */
| 
| #define PACKAGE_NAME "libungif"
| #define PACKAGE_TARNAME "libungif"
| #define PACKAGE_VERSION "4.1.4"
| #define PACKAGE_STRING "libungif 4.1.4"
| #define PACKAGE_BUGREPORT "abadger1999@sourceforge.net"
| #define PACKAGE "libungif"
| #define VERSION "4.1.4"
| #define STDC_HEADERS 1
| #define HAVE_SYS_TYPES_H 1
| #define HAVE_SYS_STAT_H 1
| #define HAVE_STDLIB_H 1
| #define HAVE_STRING_H 1
| #define HAVE_MEMORY_H 1
| #define HAVE_STRINGS_H 1
| #define HAVE_INTTYPES_H 1
| #define HAVE_STDINT_H 1
| #define HAVE_UNISTD_H 1
| #define HAVE_DLFCN_H 1
| #ifdef __cplusplus
| extern "C" void exit (int) throw ();
| #endif
| /* end confdefs.h.  */
| #include <ac_nonexistent.h>
configure:5206: checking for g77
configure:5235: result: no
configure:5206: checking for f77
configure:5235: result: no
configure:5206: checking for xlf
configure:5235: result: no
configure:5206: checking for frt
configure:5235: result: no
configure:5206: checking for pgf77
configure:5235: result: no
configure:5206: checking for fort77
configure:5235: result: no
configure:5206: checking for fl32
configure:5235: result: no
configure:5206: checking for af77
configure:5235: result: no
configure:5206: checking for f90
configure:5235: result: no
configure:5206: checking for xlf90
configure:5235: result: no
configure:5206: checking for pgf90
configure:5235: result: no
configure:5206: checking for epcf90
configure:5235: result: no
configure:5206: checking for f95
configure:5235: result: no
configure:5206: checking for fort
configure:5235: result: no
configure:5206: checking for xlf95
configure:5235: result: no
configure:5206: checking for ifc
configure:5235: result: no
configure:5206: checking for efc
configure:5235: result: no
configure:5206: checking for pgf95
configure:5235: result: no
configure:5206: checking for lf95
configure:5235: result: no
configure:5206: checking for gfortran
configure:5235: result: no
configure:5247: checking for Fortran 77 compiler version
configure:5250:  --version </dev/null >&5
./configure: line 5251: --version: command not found
configure:5253: $? = 127
configure:5255:  -v </dev/null >&5
./configure: line 5256: -v: command not found
configure:5258: $? = 127
configure:5260:  -V </dev/null >&5
./configure: line 5261: -V: command not found
configure:5263: $? = 127
configure:5271: checking whether we are using the GNU Fortran 77 compiler
configure:5285:  -c  conftest.F >&5
./configure: line 5286: -c: command not found
configure:5291: $? = 127
configure: failed program was:
|       program main
| #ifndef __GNUC__
|        choke me
| #endif
| 
|       end
configure:5317: result: no
configure:5323: checking whether  accepts -g
configure:5335:  -c -g conftest.f >&5
./configure: line 5336: -c: command not found
configure:5341: $? = 127
configure: failed program was:
|       program main
| 
|       end
configure:5366: result: no
configure:5396: checking the maximum length of command line arguments
configure:5488: result: 32768
configure:5499: checking command to parse /usr/bin/nm -B output from gcc object
configure:5595: gcc -c -g -O2  conftest.c >&5
configure:5598: $? = 0
configure:5602: /usr/bin/nm -B conftest.o \| sed -n -e 's/^.*[ 	]\([ABCDGIRSTW][ABCDGIRSTW]*\)[ 	][ 	]*\([_A-Za-z][_A-Za-z0-9]*\)$/\1 \2 \2/p' \> conftest.nm
configure:5605: $? = 0
configure:5657: gcc -o conftest -g -O2   conftest.c conftstm.o >&5
configure:5660: $? = 0
configure:5698: result: ok
configure:5702: checking for objdir
configure:5717: result: .libs
configure:5807: checking for ar
configure:5823: found /usr/bin/ar
configure:5834: result: ar
configure:5887: checking for ranlib
configure:5903: found /usr/bin/ranlib
configure:5914: result: ranlib
configure:5967: checking for strip
configure:5983: found /usr/bin/strip
configure:5994: result: strip
configure:6281: checking if gcc static flag  works
configure:6309: result: yes
configure:6327: checking if gcc supports -fno-rtti -fno-exceptions
configure:6345: gcc -c -g -O2  -fno-rtti -fno-exceptions conftest.c >&5
cc1: warning: command line option '-fno-rtti' is valid for C++/ObjC++ but not for C [enabled by default]
configure:6349: $? = 0
configure:6362: result: no
configure:6377: checking for gcc option to produce PIC
configure:6581: result: -fPIC
configure:6589: checking if gcc PIC flag -fPIC works
configure:6607: gcc -c -g -O2  -fPIC -DPIC conftest.c >&5
configure:6611: $? = 0
configure:6624: result: yes
configure:6648: checking if gcc supports -c -o file.o
configure:6669: gcc -c -g -O2  -o out/conftest2.o conftest.c >&5
configure:6673: $? = 0
configure:6695: result: yes
configure:6721: checking whether the gcc linker (/usr/bin/ld) supports shared libraries
configure:7616: result: yes
configure:7642: checking whether -lc should be explicitly linked in
configure:7647: gcc -c -g -O2  conftest.c >&5
configure:7650: $? = 0
configure:7664: gcc -shared conftest.o  -v -Wl,-soname -Wl,conftest -o conftest 2\>\&1 \| grep  -lc  \>/dev/null 2\>\&1
configure:7667: $? = 0
configure:7679: result: no
configure:7687: checking dynamic linker characteristics
configure:8250: result: GNU/Linux ld.so
configure:8254: checking how to hardcode library paths into programs
configure:8279: result: immediate
configure:8293: checking whether stripping libraries is possible
configure:8298: result: yes
configure:9128: checking if libtool supports shared libraries
configure:9130: result: yes
configure:9133: checking whether to build shared libraries
configure:9154: result: yes
configure:9157: checking whether to build static libraries
configure:9161: result: yes
configure:9253: creating libtool
configure:9831: checking for ld used by g++
configure:9898: result: /usr/bin/ld
configure:9907: checking if the linker (/usr/bin/ld) is GNU ld
configure:9922: result: yes
configure:9973: checking whether the g++ linker (/usr/bin/ld) supports shared libraries
configure:10860: result: yes
configure:10878: g++ -c -g -O2  conftest.cc >&5
configure:10881: $? = 0
configure:10977: checking for g++ option to produce PIC
configure:11245: result: -fPIC
configure:11253: checking if g++ PIC flag -fPIC works
configure:11271: g++ -c -g -O2  -fPIC -DPIC conftest.cc >&5
configure:11275: $? = 0
configure:11288: result: yes
configure:11312: checking if g++ supports -c -o file.o
configure:11333: g++ -c -g -O2  -o out/conftest2.o conftest.cc >&5
configure:11337: $? = 0
configure:11359: result: yes
configure:11385: checking whether the g++ linker (/usr/bin/ld) supports shared libraries
configure:11410: result: yes
configure:11481: checking dynamic linker characteristics
configure:12044: result: GNU/Linux ld.so
configure:12048: checking how to hardcode library paths into programs
configure:12073: result: immediate
configure:12087: checking whether stripping libraries is possible
configure:12092: result: yes
configure:19676: checking for gcc
configure:19702: result: gcc
configure:19946: checking for C compiler version
configure:19949: gcc --version </dev/null >&5
gcc (Debian 4.6.3-14+rpi1) 4.6.3
Copyright (C) 2011 Free Software Foundation, Inc.
This is free software; see the source for copying conditions.  There is NO
warranty; not even for MERCHANTABILITY or FITNESS FOR A PARTICULAR PURPOSE.

configure:19952: $? = 0
configure:19954: gcc -v </dev/null >&5
Using built-in specs.
COLLECT_GCC=gcc
COLLECT_LTO_WRAPPER=/usr/lib/gcc/arm-linux-gnueabihf/4.6/lto-wrapper
Target: arm-linux-gnueabihf
Configured with: ../src/configure -v --with-pkgversion='Debian 4.6.3-14+rpi1' --with-bugurl=file:///usr/share/doc/gcc-4.6/README.Bugs --enable-languages=c,c++,fortran,objc,obj-c++ --prefix=/usr --program-suffix=-4.6 --enable-shared --enable-linker-build-id --with-system-zlib --libexecdir=/usr/lib --without-included-gettext --enable-threads=posix --with-gxx-include-dir=/usr/include/c++/4.6 --libdir=/usr/lib --enable-nls --with-sysroot=/ --enable-clocale=gnu --enable-libstdcxx-debug --enable-libstdcxx-time=yes --enable-gnu-unique-object --enable-plugin --enable-objc-gc --disable-sjlj-exceptions --with-arch=armv6 --with-fpu=vfp --with-float=hard --enable-checking=release --build=arm-linux-gnueabihf --host=arm-linux-gnueabihf --target=arm-linux-gnueabihf
Thread model: posix
gcc version 4.6.3 (Debian 4.6.3-14+rpi1) 
configure:19957: $? = 0
configure:19959: gcc -V </dev/null >&5
gcc: error: unrecognized option '-V'
gcc: fatal error: no input files
compilation terminated.
configure:19962: $? = 4
configure:19965: checking whether we are using the GNU C compiler
configure:20021: result: yes
configure:20027: checking whether gcc accepts -g
configure:20078: result: yes
configure:20095: checking for gcc option to accept ANSI C
configure:20202: result: none needed
configure:20220: gcc -c -g -O2  conftest.c >&5
conftest.c:2:3: error: unknown type name 'choke'
conftest.c:2:3: error: expected '=', ',', ';', 'asm' or '__attribute__' at end of input
configure:20226: $? = 1
configure: failed program was:
| #ifndef __cplusplus
|   choke me
| #endif
configure:20361: checking dependency style of gcc
configure:20451: result: gcc3
configure:20473: checking how to run the C preprocessor
configure:20591: result: gcc -E
configure:20615: gcc -E  conftest.c
configure:20621: $? = 0
configure:20653: gcc -E  conftest.c
conftest.c:25:28: fatal error: ac_nonexistent.h: No such file or directory
compilation terminated.
configure:20659: $? = 1
configure: failed program was:
| /* confdefs.h.  */
| 
| #define PACKAGE_NAME "libungif"
| #define PACKAGE_TARNAME "libungif"
| #define PACKAGE_VERSION "4.1.4"
| #define PACKAGE_STRING "libungif 4.1.4"
| #define PACKAGE_BUGREPORT "abadger1999@sourceforge.net"
| #define PACKAGE "libungif"
| #define VERSION "4.1.4"
| #define STDC_HEADERS 1
| #define HAVE_SYS_TYPES_H 1
| #define HAVE_SYS_STAT_H 1
| #define HAVE_STDLIB_H 1
| #define HAVE_STRING_H 1
| #define HAVE_MEMORY_H 1
| #define HAVE_STRINGS_H 1
| #define HAVE_INTTYPES_H 1
| #define HAVE_STDINT_H 1
| #define HAVE_UNISTD_H 1
| #define HAVE_DLFCN_H 1
| #ifdef __cplusplus
| extern "C" void exit (int) throw ();
| #endif
| /* end confdefs.h.  */
| #include <ac_nonexistent.h>
configure:20715: checking for a BSD-compatible install
configure:20770: result: /usr/bin/install -c
configure:20781: checking whether ln -s works
configure:20785: result: yes
configure:20792: checking whether make sets $(MAKE)
configure:20812: result: yes
configure:20822: checking for X
configure:20927: gcc -E  conftest.c
conftest.c:25:27: fatal error: X11/Intrinsic.h: No such file or directory
compilation terminated.
configure:20933: $? = 1
configure: failed program was:
| /* confdefs.h.  */
| 
| #define PACKAGE_NAME "libungif"
| #define PACKAGE_TARNAME "libungif"
| #define PACKAGE_VERSION "4.1.4"
| #define PACKAGE_STRING "libungif 4.1.4"
| #define PACKAGE_BUGREPORT "abadger1999@sourceforge.net"
| #define PACKAGE "libungif"
| #define VERSION "4.1.4"
| #define STDC_HEADERS 1
| #define HAVE_SYS_TYPES_H 1
| #define HAVE_SYS_STAT_H 1
| #define HAVE_STDLIB_H 1
| #define HAVE_STRING_H 1
| #define HAVE_MEMORY_H 1
| #define HAVE_STRINGS_H 1
| #define HAVE_INTTYPES_H 1
| #define HAVE_STDINT_H 1
| #define HAVE_UNISTD_H 1
| #define HAVE_DLFCN_H 1
| #ifdef __cplusplus
| extern "C" void exit (int) throw ();
| #endif
| /* end confdefs.h.  */
| #include <X11/Intrinsic.h>
configure:20983: gcc -o conftest -g -O2   conftest.c -lXt  >&5
conftest.c:25:27: fatal error: X11/Intrinsic.h: No such file or directory
compilation terminated.
configure:20989: $? = 1
configure: failed program was:
| /* confdefs.h.  */
| 
| #define PACKAGE_NAME "libungif"
| #define PACKAGE_TARNAME "libungif"
| #define PACKAGE_VERSION "4.1.4"
| #define PACKAGE_STRING "libungif 4.1.4"
| #define PACKAGE_BUGREPORT "abadger1999@sourceforge.net"
| #define PACKAGE "libungif"
| #define VERSION "4.1.4"
| #define STDC_HEADERS 1
| #define HAVE_SYS_TYPES_H 1
| #define HAVE_SYS_STAT_H 1
| #define HAVE_STDLIB_H 1
| #define HAVE_STRING_H 1
| #define HAVE_MEMORY_H 1
| #define HAVE_STRINGS_H 1
| #define HAVE_INTTYPES_H 1
| #define HAVE_STDINT_H 1
| #define HAVE_UNISTD_H 1
| #define HAVE_DLFCN_H 1
| #ifdef __cplusplus
| extern "C" void exit (int) throw ();
| #endif
| /* end confdefs.h.  */
| #include <X11/Intrinsic.h>
| int
| main ()
| {
| XtMalloc (0)
|   ;
|   return 0;
| }
configure:21042: result: no
configure:22212: checking for pow in -lm
configure:22242: gcc -o conftest -g -O2   conftest.c -lm   >&5
conftest.c:33:6: warning: conflicting types for built-in function 'pow' [enabled by default]
configure:22248: $? = 0
configure:22252: test -z 
			 || test ! -s conftest.err
configure:22255: $? = 0
configure:22258: test -s conftest
configure:22261: $? = 0
configure:22274: result: yes
configure:22283: checking for rle_hdr_init in -lrle
configure:22313: gcc -o conftest -g -O2   conftest.c -lrle -lm   >&5
/usr/bin/ld: cannot find -lrle
collect2: ld returned 1 exit status
configure:22319: $? = 1
configure: failed program was:
| /* confdefs.h.  */
| 
| #define PACKAGE_NAME "libungif"
| #define PACKAGE_TARNAME "libungif"
| #define PACKAGE_VERSION "4.1.4"
| #define PACKAGE_STRING "libungif 4.1.4"
| #define PACKAGE_BUGREPORT "abadger1999@sourceforge.net"
| #define PACKAGE "libungif"
| #define VERSION "4.1.4"
| #define STDC_HEADERS 1
| #define HAVE_SYS_TYPES_H 1
| #define HAVE_SYS_STAT_H 1
| #define HAVE_STDLIB_H 1
| #define HAVE_STRING_H 1
| #define HAVE_MEMORY_H 1
| #define HAVE_STRINGS_H 1
| #define HAVE_INTTYPES_H 1
| #define HAVE_STDINT_H 1
| #define HAVE_UNISTD_H 1
| #define HAVE_DLFCN_H 1
| #ifdef __cplusplus
| extern "C" void exit (int) throw ();
| #endif
| #define X_DISPLAY_MISSING 1
| /* end confdefs.h.  */
| 
| /* Override any gcc2 internal prototype to avoid an error.  */
| #ifdef __cplusplus
| extern "C"
| #endif
| /* We use char because int might match the return type of a gcc2
|    builtin and then its argument prototype would still apply.  */
| char rle_hdr_init ();
| int
| main ()
| {
| rle_hdr_init ();
|   ;
|   return 0;
| }
configure:22345: result: no
configure:22354: checking for main in -lgl_s
configure:22378: gcc -o conftest -g -O2   conftest.c -lgl_s   >&5
/usr/bin/ld: cannot find -lgl_s
collect2: ld returned 1 exit status
configure:22384: $? = 1
configure: failed program was:
| /* confdefs.h.  */
| 
| #define PACKAGE_NAME "libungif"
| #define PACKAGE_TARNAME "libungif"
| #define PACKAGE_VERSION "4.1.4"
| #define PACKAGE_STRING "libungif 4.1.4"
| #define PACKAGE_BUGREPORT "abadger1999@sourceforge.net"
| #define PACKAGE "libungif"
| #define VERSION "4.1.4"
| #define STDC_HEADERS 1
| #define HAVE_SYS_TYPES_H 1
| #define HAVE_SYS_STAT_H 1
| #define HAVE_STDLIB_H 1
| #define HAVE_STRING_H 1
| #define HAVE_MEMORY_H 1
| #define HAVE_STRINGS_H 1
| #define HAVE_INTTYPES_H 1
| #define HAVE_STDINT_H 1
| #define HAVE_UNISTD_H 1
| #define HAVE_DLFCN_H 1
| #ifdef __cplusplus
| extern "C" void exit (int) throw ();
| #endif
| #define X_DISPLAY_MISSING 1
| /* end confdefs.h.  */
| 
| 
| int
| main ()
| {
| main ();
|   ;
|   return 0;
| }
configure:22410: result: no
configure:22423: checking for main in -lX11
configure:22447: gcc -o conftest -g -O2   conftest.c -lX11   >&5
/usr/bin/ld: cannot find -lX11
collect2: ld returned 1 exit status
configure:22453: $? = 1
configure: failed program was:
| /* confdefs.h.  */
| 
| #define PACKAGE_NAME "libungif"
| #define PACKAGE_TARNAME "libungif"
| #define PACKAGE_VERSION "4.1.4"
| #define PACKAGE_STRING "libungif 4.1.4"
| #define PACKAGE_BUGREPORT "abadger1999@sourceforge.net"
| #define PACKAGE "libungif"
| #define VERSION "4.1.4"
| #define STDC_HEADERS 1
| #define HAVE_SYS_TYPES_H 1
| #define HAVE_SYS_STAT_H 1
| #define HAVE_STDLIB_H 1
| #define HAVE_STRING_H 1
| #define HAVE_MEMORY_H 1
| #define HAVE_STRINGS_H 1
| #define HAVE_INTTYPES_H 1
| #define HAVE_STDINT_H 1
| #define HAVE_UNISTD_H 1
| #define HAVE_DLFCN_H 1
| #ifdef __cplusplus
| extern "C" void exit (int) throw ();
| #endif
| #define X_DISPLAY_MISSING 1
| /* end confdefs.h.  */
| 
| 
| int
| main ()
| {
| main ();
|   ;
|   return 0;
| }
configure:22479: result: no
configure:22500: checking for ANSI C header files
configure:22656: result: yes
configure:22681: checking stdarg.h usability
configure:22693: gcc -c -g -O2  conftest.c >&5
configure:22699: $? = 0
configure:22703: test -z 
			 || test ! -s conftest.err
configure:22706: $? = 0
configure:22709: test -s conftest.o
configure:22712: $? = 0
configure:22722: result: yes
configure:22726: checking stdarg.h presence
configure:22736: gcc -E  conftest.c
configure:22742: $? = 0
configure:22762: result: yes
configure:22797: checking for stdarg.h
configure:22804: result: yes
configure:22827: checking for unistd.h
configure:22832: result: yes
configure:22986: checking fcntl.h usability
configure:22998: gcc -c -g -O2  conftest.c >&5
configure:23004: $? = 0
configure:23008: test -z 
			 || test ! -s conftest.err
configure:23011: $? = 0
configure:23014: test -s conftest.o
configure:23017: $? = 0
configure:23027: result: yes
configure:23031: checking fcntl.h presence
configure:23041: gcc -E  conftest.c
configure:23047: $? = 0
configure:23067: result: yes
configure:23102: checking for fcntl.h
configure:23109: result: yes
configure:23123: checking for an ANSI C-conforming const
configure:23190: gcc -c -g -O2  conftest.c >&5
configure:23196: $? = 0
configure:23200: test -z 
			 || test ! -s conftest.err
configure:23203: $? = 0
configure:23206: test -s conftest.o
configure:23209: $? = 0
configure:23220: result: yes
configure:23231: checking for working memcmp
configure:23279: gcc -o conftest -g -O2   conftest.c  >&5
configure:23282: $? = 0
configure:23284: ./conftest
configure:23287: $? = 0
configure:23301: result: yes
configure:23312: checking for function prototypes
configure:23315: result: yes
configure:23332: checking whether setvbuf arguments are reversed
configure:23357: gcc -o conftest -g -O2   conftest.c  >&5
conftest.c:34:10: error: conflicting types for 'setvbuf'
/usr/include/stdio.h:333:12: note: previous declaration of 'setvbuf' was here
configure:23363: $? = 1
configure: failed program was:
| /* confdefs.h.  */
| 
| #define PACKAGE_NAME "libungif"
| #define PACKAGE_TARNAME "libungif"
| #define PACKAGE_VERSION "4.1.4"
| #define PACKAGE_STRING "libungif 4.1.4"
| #define PACKAGE_BUGREPORT "abadger1999@sourceforge.net"
| #define PACKAGE "libungif"
| #define VERSION "4.1.4"
| #define STDC_HEADERS 1
| #define HAVE_SYS_TYPES_H 1
| #define HAVE_SYS_STAT_H 1
| #define HAVE_STDLIB_H 1
| #define HAVE_STRING_H 1
| #define HAVE_MEMORY_H 1
| #define HAVE_STRINGS_H 1
| #define HAVE_INTTYPES_H 1
| #define HAVE_STDINT_H 1
| #define HAVE_UNISTD_H 1
| #define HAVE_DLFCN_H 1
| #ifdef __cplusplus
| extern "C" void exit (int) throw ();
| #endif
| #define X_DISPLAY_MISSING 1
| #define STDC_HEADERS 1
| #define HAVE_STDARG_H 1
| #define HAVE_UNISTD_H 1
| #define HAVE_FCNTL_H 1
| #define PROTOTYPES 1
| #define __PROTOTYPES 1
| /* end confdefs.h.  */
| #include <stdio.h>
| #	  if PROTOTYPES
| 	   int (setvbuf) (FILE *, int, char *, size_t);
| #	  endif
| int
| main ()
| {
| char buf; return setvbuf (stdout, _IOLBF, &buf, 1);
|   ;
|   return 0;
| }
configure:23484: result: no
configure:23498: checking for vprintf
configure:23555: gcc -o conftest -g -O2   conftest.c  >&5
conftest.c:56:6: warning: conflicting types for built-in function 'vprintf' [enabled by default]
configure:23561: $? = 0
configure:23565: test -z 
			 || test ! -s conftest.err
configure:23568: $? = 0
configure:23571: test -s conftest
configure:23574: $? = 0
configure:23586: result: yes
configure:23593: checking for _doprnt
configure:23650: gcc -o conftest -g -O2   conftest.c  >&5
/tmp/ccmL8rZh.o:(.data+0x0): undefined reference to `_doprnt'
/tmp/ccmL8rZh.o: In function `main':
/home/pi/MDay2015/fbv-1.0b/libungif-4.1.4/conftest.c:76: undefined reference to `_doprnt'
collect2: ld returned 1 exit status
configure:23656: $? = 1
configure: failed program was:
| /* confdefs.h.  */
| 
| #define PACKAGE_NAME "libungif"
| #define PACKAGE_TARNAME "libungif"
| #define PACKAGE_VERSION "4.1.4"
| #define PACKAGE_STRING "libungif 4.1.4"
| #define PACKAGE_BUGREPORT "abadger1999@sourceforge.net"
| #define PACKAGE "libungif"
| #define VERSION "4.1.4"
| #define STDC_HEADERS 1
| #define HAVE_SYS_TYPES_H 1
| #define HAVE_SYS_STAT_H 1
| #define HAVE_STDLIB_H 1
| #define HAVE_STRING_H 1
| #define HAVE_MEMORY_H 1
| #define HAVE_STRINGS_H 1
| #define HAVE_INTTYPES_H 1
| #define HAVE_STDINT_H 1
| #define HAVE_UNISTD_H 1
| #define HAVE_DLFCN_H 1
| #ifdef __cplusplus
| extern "C" void exit (int) throw ();
| #endif
| #define X_DISPLAY_MISSING 1
| #define STDC_HEADERS 1
| #define HAVE_STDARG_H 1
| #define HAVE_UNISTD_H 1
| #define HAVE_FCNTL_H 1
| #define PROTOTYPES 1
| #define __PROTOTYPES 1
| #define HAVE_VPRINTF 1
| /* end confdefs.h.  */
| /* Define _doprnt to an innocuous variant, in case <limits.h> declares _doprnt.
|    For example, HP-UX 11i <limits.h> declares gettimeofday.  */
| #define _doprnt innocuous__doprnt
| 
| /* System header to define __stub macros and hopefully few prototypes,
|     which can conflict with char _doprnt (); below.
|     Prefer <limits.h> to <assert.h> if __STDC__ is defined, since
|     <limits.h> exists even on freestanding compilers.  */
| 
| #ifdef __STDC__
| # include <limits.h>
| #else
| # include <assert.h>
| #endif
| 
| #undef _doprnt
| 
| /* Override any gcc2 internal prototype to avoid an error.  */
| #ifdef __cplusplus
| extern "C"
| {
| #endif
| /* We use char because int might match the return type of a gcc2
|    builtin and then its argument prototype would still apply.  */
| char _doprnt ();
| /* The GNU C library defines this for functions which it implements
|     to always fail with ENOSYS.  Some functions are actually named
|     something starting with __ and the normal name is an alias.  */
| #if defined (__stub__doprnt) || defined (__stub____doprnt)
| choke me
| #else
| char (*f) () = _doprnt;
| #endif
| #ifdef __cplusplus
| }
| #endif
| 
| int
| main ()
| {
| return f != _doprnt;
|   ;
|   return 0;
| }
configure:23681: result: no
configure:23699: checking for strdup
configure:23756: gcc -o conftest -g -O2   conftest.c  >&5
conftest.c:57:6: warning: conflicting types for built-in function 'strdup' [enabled by default]
configure:23762: $? = 0
configure:23766: test -z 
			 || test ! -s conftest.err
configure:23769: $? = 0
configure:23772: test -s conftest
configure:23775: $? = 0
configure:23787: result: yes
configure:23923: creating ./config.status

## ---------------------- ##
## Running config.status. ##
## ---------------------- ##

This file was extended by libungif config.status 4.1.4, which was
generated by GNU Autoconf 2.59.  Invocation command line was

  CONFIG_FILES    = 
  CONFIG_HEADERS  = 
  CONFIG_LINKS    = 
  CONFIG_COMMANDS = 
  $ ./config.status 

on raspberrypi

config.status:728: creating util/Makefile
config.status:728: creating lib/Makefile
config.status:728: creating Makefile
config.status:728: creating doc/Makefile
config.status:728: creating pic/Makefile
config.status:832: creating config.h
config.status:1138: executing depfiles commands

## ---------------- ##
## Cache variables. ##
## ---------------- ##

ac_cv_build=armv7l-unknown-linux-gnu
ac_cv_build_alias=armv7l-unknown-linux-gnu
ac_cv_c_compiler_gnu=yes
ac_cv_c_const=yes
ac_cv_cxx_compiler_gnu=yes
ac_cv_env_CC_set=
ac_cv_env_CC_value=
ac_cv_env_CFLAGS_set=
ac_cv_env_CFLAGS_value=
ac_cv_env_CPPFLAGS_set=
ac_cv_env_CPPFLAGS_value=
ac_cv_env_CPP_set=
ac_cv_env_CPP_value=
ac_cv_env_CXXCPP_set=
ac_cv_env_CXXCPP_value=
ac_cv_env_CXXFLAGS_set=
ac_cv_env_CXXFLAGS_value=
ac_cv_env_CXX_set=
ac_cv_env_CXX_value=
ac_cv_env_F77_set=
ac_cv_env_F77_value=
ac_cv_env_FFLAGS_set=
ac_cv_env_FFLAGS_value=
ac_cv_env_LDFLAGS_set=
ac_cv_env_LDFLAGS_value=
ac_cv_env_build_alias_set=
ac_cv_env_build_alias_value=
ac_cv_env_host_alias_set=
ac_cv_env_host_alias_value=
ac_cv_env_target_alias_set=
ac_cv_env_target_alias_value=
ac_cv_exeext=
ac_cv_f77_compiler_gnu=no
ac_cv_func__doprnt=no
ac_cv_func_memcmp_working=yes
ac_cv_func_setvbuf_reversed=no
ac_cv_func_strdup=yes
ac_cv_func_vprintf=yes
ac_cv_have_x=have_x=no
ac_cv_header_dlfcn_h=yes
ac_cv_header_fcntl_h=yes
ac_cv_header_inttypes_h=yes
ac_cv_header_memory_h=yes
ac_cv_header_stdarg_h=yes
ac_cv_header_stdc=yes
ac_cv_header_stdint_h=yes
ac_cv_header_stdlib_h=yes
ac_cv_header_string_h=yes
ac_cv_header_strings_h=yes
ac_cv_header_sys_stat_h=yes
ac_cv_header_sys_types_h=yes
ac_cv_header_unistd_h=yes
ac_cv_host=armv7l-unknown-linux-gnu
ac_cv_host_alias=armv7l-unknown-linux-gnu
ac_cv_lib_X11_main=no
ac_cv_lib_gl_s_main=no
ac_cv_lib_m_pow=yes
ac_cv_lib_rle_rle_hdr_init=no
ac_cv_objext=o
ac_cv_path_install='/usr/bin/install -c'
ac_cv_prog_AWK=mawk
ac_cv_prog_CPP='gcc -E'
ac_cv_prog_CXXCPP='g++ -E'
ac_cv_prog_ac_ct_AR=ar
ac_cv_prog_ac_ct_CC=gcc
ac_cv_prog_ac_ct_CXX=g++
ac_cv_prog_ac_ct_RANLIB=ranlib
ac_cv_prog_ac_ct_STRIP=strip
ac_cv_prog_cc_g=yes
ac_cv_prog_cc_stdc=
ac_cv_prog_cxx_g=yes
ac_cv_prog_egrep='grep -E'
ac_cv_prog_f77_g=no
ac_cv_prog_make_make_set=yes
am_cv_CC_dependencies_compiler_type=gcc3
am_cv_CXX_dependencies_compiler_type=gcc3
lt_cv_deplibs_check_method=pass_all
lt_cv_file_magic_cmd='$MAGIC_CMD'
lt_cv_file_magic_test_file=
lt_cv_ld_reload_flag=-r
lt_cv_objdir=.libs
lt_cv_path_LD=/usr/bin/ld
lt_cv_path_LDCXX=/usr/bin/ld
lt_cv_path_NM='/usr/bin/nm -B'
lt_cv_path_SED=/bin/sed
lt_cv_prog_compiler_c_o=yes
lt_cv_prog_compiler_c_o_CXX=yes
lt_cv_prog_compiler_rtti_exceptions=no
lt_cv_prog_gnu_ld=yes
lt_cv_prog_gnu_ldcxx=yes
lt_cv_sys_global_symbol_pipe='sed -n -e '\''s/^.*[ 	]\([ABCDGIRSTW][ABCDGIRSTW]*\)[ 	][ 	]*\([_A-Za-z][_A-Za-z0-9]*\)$/\1 \2 \2/p'\'''
lt_cv_sys_global_symbol_to_c_name_address='sed -n -e '\''s/^: \([^ ]*\) $/  {\"\1\", (lt_ptr) 0},/p'\'' -e '\''s/^[BCDEGRST] \([^ ]*\) \([^ ]*\)$/  {"\2", (lt_ptr) \&\2},/p'\'''
lt_cv_sys_global_symbol_to_cdecl='sed -n -e '\''s/^. .* \(.*\)$/extern int \1;/p'\'''
lt_cv_sys_max_cmd_len=32768
lt_lt_cv_prog_compiler_c_o='"yes"'
lt_lt_cv_prog_compiler_c_o_CXX='"yes"'
lt_lt_cv_sys_global_symbol_pipe='"sed -n -e '\''s/^.*[ 	]\\([ABCDGIRSTW][ABCDGIRSTW]*\\)[ 	][ 	]*\\([_A-Za-z][_A-Za-z0-9]*\\)\$/\\1 \\2 \\2/p'\''"'
lt_lt_cv_sys_global_symbol_to_c_name_address='"sed -n -e '\''s/^: \\([^ ]*\\) \$/  {\\\"\\1\\\", (lt_ptr) 0},/p'\'' -e '\''s/^[BCDEGRST] \\([^ ]*\\) \\([^ ]*\\)\$/  {\"\\2\", (lt_ptr) \\&\\2},/p'\''"'
lt_lt_cv_sys_global_symbol_to_cdecl='"sed -n -e '\''s/^. .* \\(.*\\)\$/extern int \\1;/p'\''"'

## ----------------- ##
## Output variables. ##
## ----------------- ##

ACLOCAL='${SHELL} /home/pi/MDay2015/fbv-1.0b/libungif-4.1.4/missing --run aclocal-1.9'
AMDEPBACKSLASH='\'
AMDEP_FALSE='#'
AMDEP_TRUE=''
AMTAR='${SHELL} /home/pi/MDay2015/fbv-1.0b/libungif-4.1.4/missing --run tar'
AR='ar'
AUTOCONF='${SHELL} /home/pi/MDay2015/fbv-1.0b/libungif-4.1.4/missing --run autoconf'
AUTOHEADER='${SHELL} /home/pi/MDay2015/fbv-1.0b/libungif-4.1.4/missing --run autoheader'
AUTOMAKE='${SHELL} /home/pi/MDay2015/fbv-1.0b/libungif-4.1.4/missing --run automake-1.9'
AWK='mawk'
CC='gcc'
CCDEPMODE='depmode=gcc3'
CFLAGS='-g -O2'
COMPILABLE_EXTRAS=' gifclrmp gifrotat'
CPP='gcc -E'
CPPFLAGS=''
CXX='g++'
CXXCPP='g++ -E'
CXXDEPMODE='depmode=gcc3'
CXXFLAGS='-g -O2'
CYGPATH_W='echo'
DEFS='-DHAVE_CONFIG_H'
DEPDIR='.deps'
DEVS=' '
ECHO='echo'
ECHO_C=''
ECHO_N='-n'
ECHO_T=''
EGREP='grep -E'
EXEEXT=''
F77=''
FFLAGS=''
GL_S_LIB=''
INSTALL_DATA='${INSTALL} -m 644'
INSTALL_PROGRAM='${INSTALL}'
INSTALL_SCRIPT='${INSTALL}'
INSTALL_STRIP_PROGRAM='${SHELL} $(install_sh) -c -s'
LDFLAGS=''
LIBOBJS=''
LIBS=''
LIBTOOL='$(SHELL) $(top_builddir)/libtool'
LN_S='ln -s'
LTLIBOBJS=''
MAKEINFO='${SHELL} /home/pi/MDay2015/fbv-1.0b/libungif-4.1.4/missing --run makeinfo'
MATH_LIB=' -lm'
OBJEXT='o'
PACKAGE='libungif'
PACKAGE_BUGREPORT='abadger1999@sourceforge.net'
PACKAGE_NAME='libungif'
PACKAGE_STRING='libungif 4.1.4'
PACKAGE_TARNAME='libungif'
PACKAGE_VERSION='4.1.4'
PATH_SEPARATOR=':'
RANLIB='ranlib'
RLE_LIB=''
SET_MAKE=''
SHELL='/bin/bash'
STRIP='strip'
VERSION='4.1.4'
X11_LIB=''
X_CFLAGS=''
X_EXTRA_LIBS=''
X_LIBS=''
X_PRE_LIBS=''
ac_ct_AR='ar'
ac_ct_CC='gcc'
ac_ct_CXX='g++'
ac_ct_F77=''
ac_ct_RANLIB='ranlib'
ac_ct_STRIP='strip'
am__fastdepCC_FALSE='#'
am__fastdepCC_TRUE=''
am__fastdepCXX_FALSE='#'
am__fastdepCXX_TRUE=''
am__include='include'
am__leading_dot='.'
am__quote=''
am__tar='${AMTAR} chof - "$$tardir"'
am__untar='${AMTAR} xf -'
bindir='${exec_prefix}/bin'
build='armv7l-unknown-linux-gnu'
build_alias=''
build_cpu='armv7l'
build_os='linux-gnu'
build_vendor='unknown'
datadir='${prefix}/share'
exec_prefix='${prefix}'
host='armv7l-unknown-linux-gnu'
host_alias=''
host_cpu='armv7l'
host_os='linux-gnu'
host_vendor='unknown'
includedir='${prefix}/include'
infodir='${prefix}/info'
install_sh='/home/pi/MDay2015/fbv-1.0b/libungif-4.1.4/install-sh'
libdir='${exec_prefix}/lib'
libexecdir='${exec_prefix}/libexec'
localstatedir='${prefix}/var'
mandir='${prefix}/man'
mkdir_p='mkdir -p --'
oldincludedir='/usr/include'
prefix='/usr'
program_transform_name='s,x,x,'
sbindir='${exec_prefix}/sbin'
sharedstatedir='${prefix}/com'
sysconfdir='${prefix}/etc'
target_alias=''

## ----------- ##
## confdefs.h. ##
## ----------- ##

#define HAVE_DLFCN_H 1
#define HAVE_FCNTL_H 1
#define HAVE_INTTYPES_H 1
#define HAVE_MEMORY_H 1
#define HAVE_STDARG_H 1
#define HAVE_STDINT_H 1
#define HAVE_STDLIB_H 1
#define HAVE_STRDUP 1
#define HAVE_STRINGS_H 1
#define HAVE_STRING_H 1
#define HAVE_SYS_STAT_H 1
#define HAVE_SYS_TYPES_H 1
#define HAVE_UNISTD_H 1
#define HAVE_UNISTD_H 1
#define HAVE_VPRINTF 1
#define PACKAGE "libungif"
#define PACKAGE_BUGREPORT "abadger1999@sourceforge.net"
#define PACKAGE_NAME "libungif"
#define PACKAGE_STRING "libungif 4.1.4"
#define PACKAGE_TARNAME "libungif"
#define PACKAGE_VERSION "4.1.4"
#define PROTOTYPES 1
#define STDC_HEADERS 1
#define STDC_HEADERS 1
#define VERSION "4.1.4"
#define X_DISPLAY_MISSING 1
#define __PROTOTYPES 1
#endif
#ifdef __cplusplus
extern "C" void exit (int) throw ();

configure: exit 0
